<?xml version="1.0" encoding="UTF-8"?>
<!-- Generated by org.testng.reporters.JUnitXMLReporter -->
<testsuite hostname="INLT1716" ignored="0" name="Default test" tests="4" failures="0" timestamp="21 Jan 2019 09:13:51 GMT" time="78.597" errors="0">
  <testcase name="createNewContactsTest" time="9.466" classname="com.ranford.testcases.NewContactsPageTest"/>
  <testcase name="createNewContactsTest" time="9.455" classname="com.ranford.testcases.NewContactsPageTest"/>
  <testcase name="createNewContactsTest" time="9.325" classname="com.ranford.testcases.NewContactsPageTest"/>
  <testcase name="createNewContactsTest" time="11.405" classname="com.ranford.testcases.NewContactsPageTest"/>
</testsuite> <!-- Default test -->
