<?xml version="1.0" encoding="UTF-8"?>
<testng-results skipped="0" failed="0" ignored="0" total="1" passed="1">
  <reporter-output>
  </reporter-output>
  <suite name="Default suite" duration-ms="14682" started-at="2019-01-17T09:49:26Z" finished-at="2019-01-17T09:49:41Z">
    <groups>
    </groups>
    <test name="Default test" duration-ms="14682" started-at="2019-01-17T09:49:26Z" finished-at="2019-01-17T09:49:41Z">
      <class name="com.ranford.testcases.LoginTest">
        <test-method status="PASS" signature="setUp()[pri:0, instance:com.ranford.testcases.LoginTest@91161c7]" name="setUp" is-config="true" duration-ms="9359" started-at="2019-01-17T09:49:26Z" finished-at="2019-01-17T09:49:35Z">
          <reporter-output>
          </reporter-output>
        </test-method> <!-- setUp -->
        <test-method status="PASS" signature="loginTest()[pri:0, instance:com.ranford.testcases.LoginTest@91161c7]" name="loginTest" duration-ms="4930" started-at="2019-01-17T09:49:35Z" finished-at="2019-01-17T09:49:40Z">
          <reporter-output>
          </reporter-output>
        </test-method> <!-- loginTest -->
        <test-method status="PASS" signature="tearDown()[pri:0, instance:com.ranford.testcases.LoginTest@91161c7]" name="tearDown" is-config="true" duration-ms="361" started-at="2019-01-17T09:49:40Z" finished-at="2019-01-17T09:49:41Z">
          <reporter-output>
          </reporter-output>
        </test-method> <!-- tearDown -->
      </class> <!-- com.ranford.testcases.LoginTest -->
    </test> <!-- Default test -->
  </suite> <!-- Default suite -->
</testng-results>
